0 verbose cli /usr/local/nvm/versions/node/v16.1.0/bin/node /usr/local/nvm/versions/node/v16.1.0/bin/npm
1 info using npm@8.9.0
2 info using node@v16.1.0
3 timing npm:load:whichnode Completed in 0ms
4 timing config:load:defaults Completed in 16ms
5 timing config:load:file:/usr/local/nvm/versions/node/v16.1.0/lib/node_modules/npm/npmrc Completed in 12ms
6 timing config:load:builtin Completed in 12ms
7 timing config:load:cli Completed in 9ms
8 timing config:load:env Completed in 1ms
9 timing config:load:file:/google/devshell/editor/theia/.npmrc Completed in 0ms
10 timing config:load:project Completed in 20ms
11 timing config:load:file:/home/a_elgindi/.npmrc Completed in 1ms
12 timing config:load:user Completed in 1ms
13 timing config:load:file:/usr/local/nvm/versions/node/v16.1.0/etc/npmrc Completed in 0ms
14 timing config:load:global Completed in 0ms
15 timing config:load:validate Completed in 1ms
16 timing config:load:credentials Completed in 9ms
17 timing config:load:setEnvs Completed in 2ms
18 timing config:load Completed in 71ms
19 timing npm:load:configload Completed in 71ms
20 timing npm:load:mkdirpcache Completed in 32ms
21 timing npm:load:mkdirplogs Completed in 11ms
22 verbose title npm config get prefix
23 verbose argv "config" "get" "prefix"
24 timing npm:load:setTitle Completed in 19ms
25 timing config:load:flatten Completed in 28ms
26 timing npm:load:display Completed in 42ms
27 verbose logfile logs-max:10 dir:/home/a_elgindi/.npm/_logs
28 verbose logfile /home/a_elgindi/.npm/_logs/2022-05-12T01_12_06_350Z-debug-0.log
29 timing npm:load:logFile Completed in 58ms
30 timing npm:load:timers Completed in 3ms
31 timing npm:load:configScope Completed in 3ms
32 timing npm:load Completed in 241ms
33 timing command:config Completed in 5ms
34 verbose exit 0
35 timing npm Completed in 273ms
36 info ok
